<?xml version="1.0" encoding="UTF-8" ?>
<testsuite errors="14" failures="0" hostname="ArturTrofimchuk" name="com.example.tests.Launcher" skipped="0" tests="90" time="1489.954" timestamp="2014-01-28T12:17:47">
  <properties>
[...]
</properties>
  <testcase classname="com.example.tests.Series.SeriesAdd" name="testSreiesAdd" time="32.677" />
  <testcase classname="com.example.tests.Series.SeriesEdit" name="testSeriesEdit" time="15.284" />
  <testcase classname="com.example.tests.Series.SeriesDel" name="SeriesDel" time="13.333" />
  <testcase classname="com.example.tests.OrganizationType.OrganizationTypeAdd" name="testOrganizationTypeAdd" time="11.958" />
  <testcase classname="com.example.tests.OrganizationType.OrganizationTypeEdit" name="testOrganizationTypeEdit" time="13.701" />
  <testcase classname="com.example.tests.OrganizationType.OrganizationTypeDel" name="testOrganizationTypeDel" time="13.805" />
  <testcase classname="com.example.tests.RetailChain.RetailChainAdd" name="testRetailChainAdd" time="11.609" />
  <testcase classname="com.example.tests.RetailChain.RetailChainEdit" name="testRetailChainEdit" time="14.034" />
  <testcase classname="com.example.tests.RetailChain.RetailChainDel" name="testRetailChainDel" time="12.845" />
  <testcase classname="com.example.tests.Speciality.SpecialityAdd" name="testSpecialityAdd" time="11.599" />
  <testcase classname="com.example.tests.Speciality.SpecialityEdit" name="testSpecialityEdit" time="13.712" />
  <testcase classname="com.example.tests.Speciality.SpecialityDel" name="testSpecialityDel" time="12.839" />
  <testcase classname="com.example.tests.Division.DivisionAdd" name="testDivisionAdd" time="11.468" />
  <testcase classname="com.example.tests.Division.DivisionEdit" name="testDivisionEdit" time="13.913" />
  <testcase classname="com.example.tests.Division.DivisionDel" name="testDivisionDel" time="14.076" />
  <testcase classname="com.example.tests.MaterialType.MaterialTypeAdd" name="testMaterialTypeAdd" time="12.028" />
  <testcase classname="com.example.tests.MaterialType.MaterialTypeEdit" name="testMaterialTypeEdit" time="13.694" />
  <testcase classname="com.example.tests.MaterialType.MaterialTypeDel" name="testMaterialTypeDel" time="12.861" />
  <testcase classname="com.example.tests.Title.TitleAdd" name="testTitleAdd" time="11.306" />
  <testcase classname="com.example.tests.Title.TitleEdit" name="testTitleEdit" time="13.38" />
  <testcase classname="com.example.tests.Title.TitleDel" name="testTitleDel" time="12.6" />
  <testcase classname="com.example.tests.FormOfAddress.FormOfAddressAdd" name="testFormOfAddressAdd" time="11.826" />
  <testcase classname="com.example.tests.FormOfAddress.FormOfAddressEdit" name="testFormOfAddressEdit" time="13.612" />
  <testcase classname="com.example.tests.FormOfAddress.FormOfAddressDel" name="testFormOfAddressDel" time="12.79" />
  <testcase classname="com.example.tests.CategoryOfContact.CategoryOfContactAdd" name="testCategoryOfContactAdd" time="11.756" />
  <testcase classname="com.example.tests.CategoryOfContact.CategoryOfContactEdit" name="testCategoryOfContactEdit" time="13.253" />
  <testcase classname="com.example.tests.CategoryOfContact.CategoryOfContactDel" name="testCategoryOfContactDel" time="12.578" />
  <testcase classname="com.example.tests.User.UserAdd" name="testUserAdd" time="12.911" />
  <testcase classname="com.example.tests.User.UserEdit" name="testUserEdit" time="41.853">
    <error message="Unable to locate element: {&quot;method&quot;:&quot;link text&quot;,&quot;selector&quot;:&quot;autotest&quot;}&#xa;Command duration or timeout: 30.03 seconds&#xa;For documentation on this error, please visit: http://seleniumhq.org/exceptions/no_such_element.html&#xa;Build info: version: &apos;2.39.0&apos;, revision: &apos;ff23eac&apos;, time: &apos;2013-12-16 16:11:15&apos;&#xa;System info: host: &apos;ArturTrofimchuk&apos;, ip: &apos;192.168.56.1&apos;, os.name: &apos;Windows 8&apos;, os.arch: &apos;amd64&apos;, os.version: &apos;6.2&apos;, java.version: &apos;1.7.0_45&apos;&#xa;Session ID: 437fbc87-c906-456f-9027-dea762590ddc&#xa;Driver info: org.openqa.selenium.firefox.FirefoxDriver&#xa;Capabilities [{platform=XP, acceptSslCerts=true, javascriptEnabled=true, browserName=firefox, rotatable=false, locationContextEnabled=true, version=26.0, cssSelectorsEnabled=true, databaseEnabled=true, handlesAlerts=true, browserConnectionEnabled=true, nativeEvents=true, webStorageEnabled=true, applicationCacheEnabled=true, takesScreenshot=true}]" type="org.openqa.selenium.NoSuchElementException">org.openqa.selenium.NoSuchElementException: Unable to locate element: {&quot;method&quot;:&quot;link text&quot;,&quot;selector&quot;:&quot;autotest&quot;}
Command duration or timeout: 30.03 seconds
For documentation on this error, please visit: http://seleniumhq.org/exceptions/no_such_element.html
Build info: version: &apos;2.39.0&apos;, revision: &apos;ff23eac&apos;, time: &apos;2013-12-16 16:11:15&apos;
System info: host: &apos;ArturTrofimchuk&apos;, ip: &apos;192.168.56.1&apos;, os.name: &apos;Windows 8&apos;, os.arch: &apos;amd64&apos;, os.version: &apos;6.2&apos;, java.version: &apos;1.7.0_45&apos;
Session ID: 437fbc87-c906-456f-9027-dea762590ddc
Driver info: org.openqa.selenium.firefox.FirefoxDriver
Capabilities [{platform=XP, acceptSslCerts=true, javascriptEnabled=true, browserName=firefox, rotatable=false, locationContextEnabled=true, version=26.0, cssSelectorsEnabled=true, databaseEnabled=true, handlesAlerts=true, browserConnectionEnabled=true, nativeEvents=true, webStorageEnabled=true, applicationCacheEnabled=true, takesScreenshot=true}]
	at java.lang.reflect.Constructor.newInstance(Constructor.java:526)
	at org.openqa.selenium.remote.ErrorHandler.createThrowable(ErrorHandler.java:193)
	at org.openqa.selenium.remote.ErrorHandler.throwIfResponseFailed(ErrorHandler.java:145)
	at org.openqa.selenium.remote.RemoteWebDriver.execute(RemoteWebDriver.java:554)
	at org.openqa.selenium.remote.RemoteWebDriver.findElement(RemoteWebDriver.java:307)
	at org.openqa.selenium.remote.RemoteWebDriver.findElementByLinkText(RemoteWebDriver.java:356)
	at org.openqa.selenium.By$ByLinkText.findElement(By.java:248)
	at org.openqa.selenium.remote.RemoteWebDriver.findElement(RemoteWebDriver.java:299)
	at com.example.tests.User.UserEdit.testUserEdit(UserEdit.java:45)
Caused by: org.openqa.selenium.remote.ErrorHandler$UnknownServerException: Unable to locate element: {&quot;method&quot;:&quot;link text&quot;,&quot;selector&quot;:&quot;autotest&quot;}
Build info: version: &apos;2.39.0&apos;, revision: &apos;ff23eac&apos;, time: &apos;2013-12-16 16:11:15&apos;
System info: host: &apos;ArturTrofimchuk&apos;, ip: &apos;192.168.56.1&apos;, os.name: &apos;Windows 8&apos;, os.arch: &apos;amd64&apos;, os.version: &apos;6.2&apos;, java.version: &apos;1.7.0_45&apos;
Driver info: driver.version: unknown
	at &lt;anonymous class&gt;.FirefoxDriver.prototype.findElementInternal_(file:///C:/Users/ARTURT~1/AppData/Local/Temp/anonymous5855277421186937807webdriver-profile/extensions/fxdriver@googlecode.com/components/driver_component.js:8860)
	at &lt;anonymous class&gt;.fxdriver.Timer.prototype.setTimeout/&lt;.notify(file:///C:/Users/ARTURT~1/AppData/Local/Temp/anonymous5855277421186937807webdriver-profile/extensions/fxdriver@googlecode.com/components/driver_component.js:396)
</error>
  </testcase>
  <testcase classname="com.example.tests.User.UserDel" name="testUserDel" time="13.27" />
  <testcase classname="com.example.tests.Product.ProductAdd" name="testProductAdd" time="10.301" />
  <testcase classname="com.example.tests.Product.ProductEdit" name="testProductEdit" time="17.394" />
  <testcase classname="com.example.tests.Product.ProductDel" name="testProductDel" time="12.769" />
  <testcase classname="com.example.tests.Organization.OrganizationAdd" name="testOrganizationAdd" time="12.578" />
  <testcase classname="com.example.tests.Temporary.TempContactAdd" name="testTempContactAdd" time="12.341" />
  <testcase classname="com.example.tests.Organization.OrganizationContactsAdd" name="testOrganizationContactsAdd" time="18.198" />
  <testcase classname="com.example.tests.Organization.OrganizationEdit" name="testOrganizationEdit" time="14.484" />
  <testcase classname="com.example.tests.Organization.OrganizationDel" name="testOrganizationDel" time="13.731" />
  <testcase classname="com.example.tests.Temporary.TempContactDel" name="testTempContactDel" time="13.45" />
  <testcase classname="com.example.tests.Contact.ContactAdd" name="testContactAdd" time="11.184" />
  <testcase classname="com.example.tests.Contact.ContactEdit" name="testContactEdit" time="13.272" />
  <testcase classname="com.example.tests.Contact.ContactDel" name="testContactDel" time="12.561" />
  <testcase classname="com.example.tests.Temporary.TempContactAdd" name="testTempContactAdd" time="10.611" />
  <testcase classname="com.example.tests.Temporary.TempOrganizationAdd" name="testOrganizationAdd" time="11.411" />
  <testcase classname="com.example.tests.Workplaces.WorkplaceAdd" name="testWorkplaceAdd" time="24.375" />
  <testcase classname="com.example.tests.Workplaces.WorkplaceEdit" name="testWorkplaceEdit" time="21.359" />
  <testcase classname="com.example.tests.Workplaces.WorkPlaceDel" name="testWorkPlaceDel" time="14.77" />
  <testcase classname="com.example.tests.Temporary.TempContactDel" name="testTempContactDel" time="12.747" />
  <testcase classname="com.example.tests.Temporary.TempOrganizationDel" name="testOrganizationDel" time="12.881" />
  <testcase classname="com.example.tests.CategoryOfOrganization.CategoryOfOrganizationAdd" name="testCategoryOfOrganizationAdd" time="11.081" />
  <testcase classname="com.example.tests.CategoryOfOrganization.CategoryOfOrganizationEdit" name="testCategoryOfOrganizationEdit" time="41.404">
    <error message="Unable to locate element: {&quot;method&quot;:&quot;link text&quot;,&quot;selector&quot;:&quot;autotest&quot;}&#xa;Command duration or timeout: 30.08 seconds&#xa;For documentation on this error, please visit: http://seleniumhq.org/exceptions/no_such_element.html&#xa;Build info: version: &apos;2.39.0&apos;, revision: &apos;ff23eac&apos;, time: &apos;2013-12-16 16:11:15&apos;&#xa;System info: host: &apos;ArturTrofimchuk&apos;, ip: &apos;192.168.56.1&apos;, os.name: &apos;Windows 8&apos;, os.arch: &apos;amd64&apos;, os.version: &apos;6.2&apos;, java.version: &apos;1.7.0_45&apos;&#xa;Session ID: 6dc971f8-faf4-49d0-a932-e424984a9f86&#xa;Driver info: org.openqa.selenium.firefox.FirefoxDriver&#xa;Capabilities [{platform=XP, acceptSslCerts=true, javascriptEnabled=true, browserName=firefox, rotatable=false, locationContextEnabled=true, version=26.0, cssSelectorsEnabled=true, databaseEnabled=true, handlesAlerts=true, browserConnectionEnabled=true, nativeEvents=true, webStorageEnabled=true, applicationCacheEnabled=true, takesScreenshot=true}]" type="org.openqa.selenium.NoSuchElementException">org.openqa.selenium.NoSuchElementException: Unable to locate element: {&quot;method&quot;:&quot;link text&quot;,&quot;selector&quot;:&quot;autotest&quot;}
Command duration or timeout: 30.08 seconds
For documentation on this error, please visit: http://seleniumhq.org/exceptions/no_such_element.html
Build info: version: &apos;2.39.0&apos;, revision: &apos;ff23eac&apos;, time: &apos;2013-12-16 16:11:15&apos;
System info: host: &apos;ArturTrofimchuk&apos;, ip: &apos;192.168.56.1&apos;, os.name: &apos;Windows 8&apos;, os.arch: &apos;amd64&apos;, os.version: &apos;6.2&apos;, java.version: &apos;1.7.0_45&apos;
Session ID: 6dc971f8-faf4-49d0-a932-e424984a9f86
Driver info: org.openqa.selenium.firefox.FirefoxDriver
Capabilities [{platform=XP, acceptSslCerts=true, javascriptEnabled=true, browserName=firefox, rotatable=false, locationContextEnabled=true, version=26.0, cssSelectorsEnabled=true, databaseEnabled=true, handlesAlerts=true, browserConnectionEnabled=true, nativeEvents=true, webStorageEnabled=true, applicationCacheEnabled=true, takesScreenshot=true}]
	at java.lang.reflect.Constructor.newInstance(Constructor.java:526)
	at org.openqa.selenium.remote.ErrorHandler.createThrowable(ErrorHandler.java:193)
	at org.openqa.selenium.remote.ErrorHandler.throwIfResponseFailed(ErrorHandler.java:145)
	at org.openqa.selenium.remote.RemoteWebDriver.execute(RemoteWebDriver.java:554)
	at org.openqa.selenium.remote.RemoteWebDriver.findElement(RemoteWebDriver.java:307)
	at org.openqa.selenium.remote.RemoteWebDriver.findElementByLinkText(RemoteWebDriver.java:356)
	at org.openqa.selenium.By$ByLinkText.findElement(By.java:248)
	at org.openqa.selenium.remote.RemoteWebDriver.findElement(RemoteWebDriver.java:299)
	at com.example.tests.CategoryOfOrganization.CategoryOfOrganizationEdit.testCategoryOfOrganizationEdit(CategoryOfOrganizationEdit.java:46)
Caused by: org.openqa.selenium.remote.ErrorHandler$UnknownServerException: Unable to locate element: {&quot;method&quot;:&quot;link text&quot;,&quot;selector&quot;:&quot;autotest&quot;}
Build info: version: &apos;2.39.0&apos;, revision: &apos;ff23eac&apos;, time: &apos;2013-12-16 16:11:15&apos;
System info: host: &apos;ArturTrofimchuk&apos;, ip: &apos;192.168.56.1&apos;, os.name: &apos;Windows 8&apos;, os.arch: &apos;amd64&apos;, os.version: &apos;6.2&apos;, java.version: &apos;1.7.0_45&apos;
Driver info: driver.version: unknown
	at &lt;anonymous class&gt;.FirefoxDriver.prototype.findElementInternal_(file:///C:/Users/ARTURT~1/AppData/Local/Temp/anonymous5109229339731971355webdriver-profile/extensions/fxdriver@googlecode.com/components/driver_component.js:8860)
	at &lt;anonymous class&gt;.fxdriver.Timer.prototype.setTimeout/&lt;.notify(file:///C:/Users/ARTURT~1/AppData/Local/Temp/anonymous5109229339731971355webdriver-profile/extensions/fxdriver@googlecode.com/components/driver_component.js:396)
</error>
  </testcase>
  <testcase classname="com.example.tests.CategoryOfOrganization.CategoryOfOrganizationDel" name="testCategoryOfOrganizationDel" time="41.615">
    <error message="Unable to locate element: {&quot;method&quot;:&quot;link text&quot;,&quot;selector&quot;:&quot;autotest1&quot;}&#xa;Command duration or timeout: 30.09 seconds&#xa;For documentation on this error, please visit: http://seleniumhq.org/exceptions/no_such_element.html&#xa;Build info: version: &apos;2.39.0&apos;, revision: &apos;ff23eac&apos;, time: &apos;2013-12-16 16:11:15&apos;&#xa;System info: host: &apos;ArturTrofimchuk&apos;, ip: &apos;192.168.56.1&apos;, os.name: &apos;Windows 8&apos;, os.arch: &apos;amd64&apos;, os.version: &apos;6.2&apos;, java.version: &apos;1.7.0_45&apos;&#xa;Session ID: b53a9e08-46e8-4ce5-b1aa-ad89f7e1e9d2&#xa;Driver info: org.openqa.selenium.firefox.FirefoxDriver&#xa;Capabilities [{platform=XP, acceptSslCerts=true, javascriptEnabled=true, browserName=firefox, rotatable=false, locationContextEnabled=true, version=26.0, cssSelectorsEnabled=true, databaseEnabled=true, handlesAlerts=true, browserConnectionEnabled=true, nativeEvents=true, webStorageEnabled=true, applicationCacheEnabled=true, takesScreenshot=true}]" type="org.openqa.selenium.NoSuchElementException">org.openqa.selenium.NoSuchElementException: Unable to locate element: {&quot;method&quot;:&quot;link text&quot;,&quot;selector&quot;:&quot;autotest1&quot;}
Command duration or timeout: 30.09 seconds
For documentation on this error, please visit: http://seleniumhq.org/exceptions/no_such_element.html
Build info: version: &apos;2.39.0&apos;, revision: &apos;ff23eac&apos;, time: &apos;2013-12-16 16:11:15&apos;
System info: host: &apos;ArturTrofimchuk&apos;, ip: &apos;192.168.56.1&apos;, os.name: &apos;Windows 8&apos;, os.arch: &apos;amd64&apos;, os.version: &apos;6.2&apos;, java.version: &apos;1.7.0_45&apos;
Session ID: b53a9e08-46e8-4ce5-b1aa-ad89f7e1e9d2
Driver info: org.openqa.selenium.firefox.FirefoxDriver
Capabilities [{platform=XP, acceptSslCerts=true, javascriptEnabled=true, browserName=firefox, rotatable=false, locationContextEnabled=true, version=26.0, cssSelectorsEnabled=true, databaseEnabled=true, handlesAlerts=true, browserConnectionEnabled=true, nativeEvents=true, webStorageEnabled=true, applicationCacheEnabled=true, takesScreenshot=true}]
	at java.lang.reflect.Constructor.newInstance(Constructor.java:526)
	at org.openqa.selenium.remote.ErrorHandler.createThrowable(ErrorHandler.java:193)
	at org.openqa.selenium.remote.ErrorHandler.throwIfResponseFailed(ErrorHandler.java:145)
	at org.openqa.selenium.remote.RemoteWebDriver.execute(RemoteWebDriver.java:554)
	at org.openqa.selenium.remote.RemoteWebDriver.findElement(RemoteWebDriver.java:307)
	at org.openqa.selenium.remote.RemoteWebDriver.findElementByLinkText(RemoteWebDriver.java:356)
	at org.openqa.selenium.By$ByLinkText.findElement(By.java:248)
	at org.openqa.selenium.remote.RemoteWebDriver.findElement(RemoteWebDriver.java:299)
	at com.example.tests.CategoryOfOrganization.CategoryOfOrganizationDel.testCategoryOfOrganizationDel(CategoryOfOrganizationDel.java:47)
Caused by: org.openqa.selenium.remote.ErrorHandler$UnknownServerException: Unable to locate element: {&quot;method&quot;:&quot;link text&quot;,&quot;selector&quot;:&quot;autotest1&quot;}
Build info: version: &apos;2.39.0&apos;, revision: &apos;ff23eac&apos;, time: &apos;2013-12-16 16:11:15&apos;
System info: host: &apos;ArturTrofimchuk&apos;, ip: &apos;192.168.56.1&apos;, os.name: &apos;Windows 8&apos;, os.arch: &apos;amd64&apos;, os.version: &apos;6.2&apos;, java.version: &apos;1.7.0_45&apos;
Driver info: driver.version: unknown
	at &lt;anonymous class&gt;.FirefoxDriver.prototype.findElementInternal_(file:///C:/Users/ARTURT~1/AppData/Local/Temp/anonymous6508872649478405115webdriver-profile/extensions/fxdriver@googlecode.com/components/driver_component.js:8860)
	at &lt;anonymous class&gt;.fxdriver.Timer.prototype.setTimeout/&lt;.notify(file:///C:/Users/ARTURT~1/AppData/Local/Temp/anonymous6508872649478405115webdriver-profile/extensions/fxdriver@googlecode.com/components/driver_component.js:396)
</error>
  </testcase>
  <testcase classname="com.example.tests.Activity.ActivityAdd" name="testActivityAdd" time="11.455" />
  <testcase classname="com.example.tests.Activity.ActivityEdit" name="testActivityEdit" time="13.149" />
  <testcase classname="com.example.tests.Activity.ActivityDel" name="testActivityDel" time="12.812" />
  <testcase classname="com.example.tests.MarketingCycle.MarketingCycleAdd" name="testMarketingCycleAdd" time="10.853" />
  <testcase classname="com.example.tests.Temporary.TempProductAdd" name="testTempProductAdd" time="10.508" />
  <testcase classname="com.example.tests.MarketingCycle.MarketingCycleClone" name="testMarketingCycleClone" time="14.982" />
  <testcase classname="com.example.tests.MarketingCycle.MarketingCycleDelClone" name="testMarketingCycleDelClone" time="15.321" />
  <testcase classname="com.example.tests.MarketingCycle.MarketingCycleProductAssign" name="testMarketingCycleProductAssign" time="25.135" />
  <testcase classname="com.example.tests.MarketingCycle.MarketingCycleProductScenarioAdd" name="testMarketingCycleProductScenarioAdd" time="15.384" />
  <testcase classname="com.example.tests.MarketingCycle.MarketingCycleProductScenarioDel" name="testMarketingCycleProductScenarioDel" time="17.132" />
  <testcase classname="com.example.tests.MarketingCycle.MarketingCycleProductUnassign" name="testMarketingCycleProductUnassign" time="19.728" />
  <testcase classname="com.example.tests.MarketingCycle.MarketingCycleEdit" name="testMarketingCycleEdit" time="15.099" />
  <testcase classname="com.example.tests.MarketingCycle.MarketingCycleDel" name="testMarketingCycleDel" time="13.384" />
  <testcase classname="com.example.tests.Temporary.TempProductDel" name="testTempProductDel" time="12.373" />
  <testcase classname="com.example.tests.Territory.TerritoryABAdd" name="testTerritoryABAdd" time="13.018" />
  <testcase classname="com.example.tests.Territory.TerritoryAssigne" name="testTerritoryAssigne" time="47.81">
    <error message="Unable to locate element: {&quot;method&quot;:&quot;link text&quot;,&quot;selector&quot;:&quot;AutotestB&quot;}&#xa;Command duration or timeout: 31.63 seconds&#xa;For documentation on this error, please visit: http://seleniumhq.org/exceptions/no_such_element.html&#xa;Build info: version: &apos;2.39.0&apos;, revision: &apos;ff23eac&apos;, time: &apos;2013-12-16 16:11:15&apos;&#xa;System info: host: &apos;ArturTrofimchuk&apos;, ip: &apos;192.168.56.1&apos;, os.name: &apos;Windows 8&apos;, os.arch: &apos;amd64&apos;, os.version: &apos;6.2&apos;, java.version: &apos;1.7.0_45&apos;&#xa;Session ID: 64e80db4-9d08-4210-b018-4d62a906e0fa&#xa;Driver info: org.openqa.selenium.firefox.FirefoxDriver&#xa;Capabilities [{platform=XP, acceptSslCerts=true, javascriptEnabled=true, browserName=firefox, rotatable=false, locationContextEnabled=true, version=26.0, cssSelectorsEnabled=true, databaseEnabled=true, handlesAlerts=true, browserConnectionEnabled=true, nativeEvents=true, webStorageEnabled=true, applicationCacheEnabled=true, takesScreenshot=true}]" type="org.openqa.selenium.NoSuchElementException">org.openqa.selenium.NoSuchElementException: Unable to locate element: {&quot;method&quot;:&quot;link text&quot;,&quot;selector&quot;:&quot;AutotestB&quot;}
Command duration or timeout: 31.63 seconds
For documentation on this error, please visit: http://seleniumhq.org/exceptions/no_such_element.html
Build info: version: &apos;2.39.0&apos;, revision: &apos;ff23eac&apos;, time: &apos;2013-12-16 16:11:15&apos;
System info: host: &apos;ArturTrofimchuk&apos;, ip: &apos;192.168.56.1&apos;, os.name: &apos;Windows 8&apos;, os.arch: &apos;amd64&apos;, os.version: &apos;6.2&apos;, java.version: &apos;1.7.0_45&apos;
Session ID: 64e80db4-9d08-4210-b018-4d62a906e0fa
Driver info: org.openqa.selenium.firefox.FirefoxDriver
Capabilities [{platform=XP, acceptSslCerts=true, javascriptEnabled=true, browserName=firefox, rotatable=false, locationContextEnabled=true, version=26.0, cssSelectorsEnabled=true, databaseEnabled=true, handlesAlerts=true, browserConnectionEnabled=true, nativeEvents=true, webStorageEnabled=true, applicationCacheEnabled=true, takesScreenshot=true}]
	at java.lang.reflect.Constructor.newInstance(Constructor.java:526)
	at org.openqa.selenium.remote.ErrorHandler.createThrowable(ErrorHandler.java:193)
	at org.openqa.selenium.remote.ErrorHandler.throwIfResponseFailed(ErrorHandler.java:145)
	at org.openqa.selenium.remote.RemoteWebDriver.execute(RemoteWebDriver.java:554)
	at org.openqa.selenium.remote.RemoteWebDriver.findElement(RemoteWebDriver.java:307)
	at org.openqa.selenium.remote.RemoteWebDriver.findElementByLinkText(RemoteWebDriver.java:356)
	at org.openqa.selenium.By$ByLinkText.findElement(By.java:248)
	at org.openqa.selenium.remote.RemoteWebDriver.findElement(RemoteWebDriver.java:299)
	at com.example.tests.Territory.TerritoryAssigne.testTerritoryAssigne(TerritoryAssigne.java:47)
Caused by: org.openqa.selenium.remote.ErrorHandler$UnknownServerException: Unable to locate element: {&quot;method&quot;:&quot;link text&quot;,&quot;selector&quot;:&quot;AutotestB&quot;}
Build info: version: &apos;2.39.0&apos;, revision: &apos;ff23eac&apos;, time: &apos;2013-12-16 16:11:15&apos;
System info: host: &apos;ArturTrofimchuk&apos;, ip: &apos;192.168.56.1&apos;, os.name: &apos;Windows 8&apos;, os.arch: &apos;amd64&apos;, os.version: &apos;6.2&apos;, java.version: &apos;1.7.0_45&apos;
Driver info: driver.version: unknown
	at &lt;anonymous class&gt;.FirefoxDriver.prototype.findElementInternal_(file:///C:/Users/ARTURT~1/AppData/Local/Temp/anonymous572698142513929133webdriver-profile/extensions/fxdriver@googlecode.com/components/driver_component.js:8860)
	at &lt;anonymous class&gt;.fxdriver.Timer.prototype.setTimeout/&lt;.notify(file:///C:/Users/ARTURT~1/AppData/Local/Temp/anonymous572698142513929133webdriver-profile/extensions/fxdriver@googlecode.com/components/driver_component.js:396)
</error>
  </testcase>
  <testcase classname="com.example.tests.Territory.TerritoryUnassigne" name="testTerritoryUnassigne" time="40.514">
    <error message="Unable to locate element: {&quot;method&quot;:&quot;css selector&quot;,&quot;selector&quot;:&quot;td &gt; label.input-control.checkbox &gt; span.helper&quot;}&#xa;Command duration or timeout: 30.14 seconds&#xa;For documentation on this error, please visit: http://seleniumhq.org/exceptions/no_such_element.html&#xa;Build info: version: &apos;2.39.0&apos;, revision: &apos;ff23eac&apos;, time: &apos;2013-12-16 16:11:15&apos;&#xa;System info: host: &apos;ArturTrofimchuk&apos;, ip: &apos;192.168.56.1&apos;, os.name: &apos;Windows 8&apos;, os.arch: &apos;amd64&apos;, os.version: &apos;6.2&apos;, java.version: &apos;1.7.0_45&apos;&#xa;Session ID: 5d41b7fd-dcab-4bbd-8bd0-8ff4aa414db3&#xa;Driver info: org.openqa.selenium.firefox.FirefoxDriver&#xa;Capabilities [{platform=XP, acceptSslCerts=true, javascriptEnabled=true, browserName=firefox, rotatable=false, locationContextEnabled=true, version=26.0, cssSelectorsEnabled=true, databaseEnabled=true, handlesAlerts=true, browserConnectionEnabled=true, nativeEvents=true, webStorageEnabled=true, applicationCacheEnabled=true, takesScreenshot=true}]" type="org.openqa.selenium.NoSuchElementException">org.openqa.selenium.NoSuchElementException: Unable to locate element: {&quot;method&quot;:&quot;css selector&quot;,&quot;selector&quot;:&quot;td &gt; label.input-control.checkbox &gt; span.helper&quot;}
Command duration or timeout: 30.14 seconds
For documentation on this error, please visit: http://seleniumhq.org/exceptions/no_such_element.html
Build info: version: &apos;2.39.0&apos;, revision: &apos;ff23eac&apos;, time: &apos;2013-12-16 16:11:15&apos;
System info: host: &apos;ArturTrofimchuk&apos;, ip: &apos;192.168.56.1&apos;, os.name: &apos;Windows 8&apos;, os.arch: &apos;amd64&apos;, os.version: &apos;6.2&apos;, java.version: &apos;1.7.0_45&apos;
Session ID: 5d41b7fd-dcab-4bbd-8bd0-8ff4aa414db3
Driver info: org.openqa.selenium.firefox.FirefoxDriver
Capabilities [{platform=XP, acceptSslCerts=true, javascriptEnabled=true, browserName=firefox, rotatable=false, locationContextEnabled=true, version=26.0, cssSelectorsEnabled=true, databaseEnabled=true, handlesAlerts=true, browserConnectionEnabled=true, nativeEvents=true, webStorageEnabled=true, applicationCacheEnabled=true, takesScreenshot=true}]
	at java.lang.reflect.Constructor.newInstance(Constructor.java:526)
	at org.openqa.selenium.remote.ErrorHandler.createThrowable(ErrorHandler.java:193)
	at org.openqa.selenium.remote.ErrorHandler.throwIfResponseFailed(ErrorHandler.java:145)
	at org.openqa.selenium.remote.RemoteWebDriver.execute(RemoteWebDriver.java:554)
	at org.openqa.selenium.remote.RemoteWebDriver.findElement(RemoteWebDriver.java:307)
	at org.openqa.selenium.remote.RemoteWebDriver.findElementByCssSelector(RemoteWebDriver.java:396)
	at org.openqa.selenium.By$ByCssSelector.findElement(By.java:432)
	at org.openqa.selenium.remote.RemoteWebDriver.findElement(RemoteWebDriver.java:299)
	at com.example.tests.Territory.TerritoryUnassigne.testTerritoryUnassigne(TerritoryUnassigne.java:37)
Caused by: org.openqa.selenium.remote.ErrorHandler$UnknownServerException: Unable to locate element: {&quot;method&quot;:&quot;css selector&quot;,&quot;selector&quot;:&quot;td &gt; label.input-control.checkbox &gt; span.helper&quot;}
Build info: version: &apos;2.39.0&apos;, revision: &apos;ff23eac&apos;, time: &apos;2013-12-16 16:11:15&apos;
System info: host: &apos;ArturTrofimchuk&apos;, ip: &apos;192.168.56.1&apos;, os.name: &apos;Windows 8&apos;, os.arch: &apos;amd64&apos;, os.version: &apos;6.2&apos;, java.version: &apos;1.7.0_45&apos;
Driver info: driver.version: unknown
	at &lt;anonymous class&gt;.FirefoxDriver.prototype.findElementInternal_(file:///C:/Users/ARTURT~1/AppData/Local/Temp/anonymous9092970997943838119webdriver-profile/extensions/fxdriver@googlecode.com/components/driver_component.js:8860)
	at &lt;anonymous class&gt;.fxdriver.Timer.prototype.setTimeout/&lt;.notify(file:///C:/Users/ARTURT~1/AppData/Local/Temp/anonymous9092970997943838119webdriver-profile/extensions/fxdriver@googlecode.com/components/driver_component.js:396)
</error>
  </testcase>
  <testcase classname="com.example.tests.Temporary.TempOrganizationAdd" name="testOrganizationAdd" time="11.685" />
  <testcase classname="com.example.tests.Territory.TerritoryOrganizationAssigne" name="testTerritoryOrganizationAssigne" time="42.59">
    <error message="Unable to locate element: {&quot;method&quot;:&quot;id&quot;,&quot;selector&quot;:&quot;assignButton_Organization&quot;}&#xa;Command duration or timeout: 30.08 seconds&#xa;For documentation on this error, please visit: http://seleniumhq.org/exceptions/no_such_element.html&#xa;Build info: version: &apos;2.39.0&apos;, revision: &apos;ff23eac&apos;, time: &apos;2013-12-16 16:11:15&apos;&#xa;System info: host: &apos;ArturTrofimchuk&apos;, ip: &apos;192.168.56.1&apos;, os.name: &apos;Windows 8&apos;, os.arch: &apos;amd64&apos;, os.version: &apos;6.2&apos;, java.version: &apos;1.7.0_45&apos;&#xa;Session ID: 4539d909-104f-4a45-bde7-c601daa30063&#xa;Driver info: org.openqa.selenium.firefox.FirefoxDriver&#xa;Capabilities [{platform=XP, acceptSslCerts=true, javascriptEnabled=true, browserName=firefox, rotatable=false, locationContextEnabled=true, version=26.0, cssSelectorsEnabled=true, databaseEnabled=true, handlesAlerts=true, browserConnectionEnabled=true, nativeEvents=true, webStorageEnabled=true, applicationCacheEnabled=true, takesScreenshot=true}]" type="org.openqa.selenium.NoSuchElementException">org.openqa.selenium.NoSuchElementException: Unable to locate element: {&quot;method&quot;:&quot;id&quot;,&quot;selector&quot;:&quot;assignButton_Organization&quot;}
Command duration or timeout: 30.08 seconds
For documentation on this error, please visit: http://seleniumhq.org/exceptions/no_such_element.html
Build info: version: &apos;2.39.0&apos;, revision: &apos;ff23eac&apos;, time: &apos;2013-12-16 16:11:15&apos;
System info: host: &apos;ArturTrofimchuk&apos;, ip: &apos;192.168.56.1&apos;, os.name: &apos;Windows 8&apos;, os.arch: &apos;amd64&apos;, os.version: &apos;6.2&apos;, java.version: &apos;1.7.0_45&apos;
Session ID: 4539d909-104f-4a45-bde7-c601daa30063
Driver info: org.openqa.selenium.firefox.FirefoxDriver
Capabilities [{platform=XP, acceptSslCerts=true, javascriptEnabled=true, browserName=firefox, rotatable=false, locationContextEnabled=true, version=26.0, cssSelectorsEnabled=true, databaseEnabled=true, handlesAlerts=true, browserConnectionEnabled=true, nativeEvents=true, webStorageEnabled=true, applicationCacheEnabled=true, takesScreenshot=true}]
	at java.lang.reflect.Constructor.newInstance(Constructor.java:526)
	at org.openqa.selenium.remote.ErrorHandler.createThrowable(ErrorHandler.java:193)
	at org.openqa.selenium.remote.ErrorHandler.throwIfResponseFailed(ErrorHandler.java:145)
	at org.openqa.selenium.remote.RemoteWebDriver.execute(RemoteWebDriver.java:554)
	at org.openqa.selenium.remote.RemoteWebDriver.findElement(RemoteWebDriver.java:307)
	at org.openqa.selenium.remote.RemoteWebDriver.findElementById(RemoteWebDriver.java:348)
	at org.openqa.selenium.By$ById.findElement(By.java:220)
	at org.openqa.selenium.remote.RemoteWebDriver.findElement(RemoteWebDriver.java:299)
	at com.example.tests.Territory.TerritoryOrganizationAssigne.testTerritoryOrganizationAssigne(TerritoryOrganizationAssigne.java:42)
Caused by: org.openqa.selenium.remote.ErrorHandler$UnknownServerException: Unable to locate element: {&quot;method&quot;:&quot;id&quot;,&quot;selector&quot;:&quot;assignButton_Organization&quot;}
Build info: version: &apos;2.39.0&apos;, revision: &apos;ff23eac&apos;, time: &apos;2013-12-16 16:11:15&apos;
System info: host: &apos;ArturTrofimchuk&apos;, ip: &apos;192.168.56.1&apos;, os.name: &apos;Windows 8&apos;, os.arch: &apos;amd64&apos;, os.version: &apos;6.2&apos;, java.version: &apos;1.7.0_45&apos;
Driver info: driver.version: unknown
	at &lt;anonymous class&gt;.FirefoxDriver.prototype.findElementInternal_(file:///C:/Users/ARTURT~1/AppData/Local/Temp/anonymous6705397525089801575webdriver-profile/extensions/fxdriver@googlecode.com/components/driver_component.js:8860)
	at &lt;anonymous class&gt;.fxdriver.Timer.prototype.setTimeout/&lt;.notify(file:///C:/Users/ARTURT~1/AppData/Local/Temp/anonymous6705397525089801575webdriver-profile/extensions/fxdriver@googlecode.com/components/driver_component.js:396)
</error>
  </testcase>
  <testcase classname="com.example.tests.Territory.TerritoryOrganizationUnassigne" name="testTerritoryOrganizationUnassigne" time="43.564">
    <error message="Element not found in the cache - perhaps the page has changed since it was looked up&#xa;Command duration or timeout: 30.09 seconds&#xa;For documentation on this error, please visit: http://seleniumhq.org/exceptions/stale_element_reference.html&#xa;Build info: version: &apos;2.39.0&apos;, revision: &apos;ff23eac&apos;, time: &apos;2013-12-16 16:11:15&apos;&#xa;System info: host: &apos;ArturTrofimchuk&apos;, ip: &apos;192.168.56.1&apos;, os.name: &apos;Windows 8&apos;, os.arch: &apos;amd64&apos;, os.version: &apos;6.2&apos;, java.version: &apos;1.7.0_45&apos;&#xa;Session ID: 87d5a6bf-e2fb-4736-a568-4e0fb09da8dd&#xa;Driver info: org.openqa.selenium.firefox.FirefoxDriver&#xa;Capabilities [{platform=XP, acceptSslCerts=true, javascriptEnabled=true, browserName=firefox, rotatable=false, locationContextEnabled=true, version=26.0, cssSelectorsEnabled=true, databaseEnabled=true, handlesAlerts=true, browserConnectionEnabled=true, nativeEvents=true, webStorageEnabled=true, applicationCacheEnabled=true, takesScreenshot=true}]" type="org.openqa.selenium.StaleElementReferenceException">org.openqa.selenium.StaleElementReferenceException: Element not found in the cache - perhaps the page has changed since it was looked up
Command duration or timeout: 30.09 seconds
For documentation on this error, please visit: http://seleniumhq.org/exceptions/stale_element_reference.html
Build info: version: &apos;2.39.0&apos;, revision: &apos;ff23eac&apos;, time: &apos;2013-12-16 16:11:15&apos;
System info: host: &apos;ArturTrofimchuk&apos;, ip: &apos;192.168.56.1&apos;, os.name: &apos;Windows 8&apos;, os.arch: &apos;amd64&apos;, os.version: &apos;6.2&apos;, java.version: &apos;1.7.0_45&apos;
Session ID: 87d5a6bf-e2fb-4736-a568-4e0fb09da8dd
Driver info: org.openqa.selenium.firefox.FirefoxDriver
Capabilities [{platform=XP, acceptSslCerts=true, javascriptEnabled=true, browserName=firefox, rotatable=false, locationContextEnabled=true, version=26.0, cssSelectorsEnabled=true, databaseEnabled=true, handlesAlerts=true, browserConnectionEnabled=true, nativeEvents=true, webStorageEnabled=true, applicationCacheEnabled=true, takesScreenshot=true}]
	at java.lang.reflect.Constructor.newInstance(Constructor.java:526)
	at org.openqa.selenium.remote.ErrorHandler.createThrowable(ErrorHandler.java:193)
	at org.openqa.selenium.remote.ErrorHandler.throwIfResponseFailed(ErrorHandler.java:145)
	at org.openqa.selenium.remote.RemoteWebDriver.execute(RemoteWebDriver.java:554)
	at org.openqa.selenium.remote.RemoteWebElement.execute(RemoteWebElement.java:268)
	at org.openqa.selenium.remote.RemoteWebElement.click(RemoteWebElement.java:79)
	at com.example.tests.Territory.TerritoryOrganizationUnassigne.testTerritoryOrganizationUnassigne(TerritoryOrganizationUnassigne.java:42)
Caused by: org.openqa.selenium.remote.ErrorHandler$UnknownServerException: Element not found in the cache - perhaps the page has changed since it was looked up
Build info: version: &apos;2.39.0&apos;, revision: &apos;ff23eac&apos;, time: &apos;2013-12-16 16:11:15&apos;
System info: host: &apos;ArturTrofimchuk&apos;, ip: &apos;192.168.56.1&apos;, os.name: &apos;Windows 8&apos;, os.arch: &apos;amd64&apos;, os.version: &apos;6.2&apos;, java.version: &apos;1.7.0_45&apos;
Driver info: driver.version: unknown
	at &lt;anonymous class&gt;.fxdriver.cache.getElementAt(resource://fxdriver/modules/web_element_cache.js:7584)
	at &lt;anonymous class&gt;.Utils.getElementAt(file:///C:/Users/ARTURT~1/AppData/Local/Temp/anonymous5907359102138623352webdriver-profile/extensions/fxdriver@googlecode.com/components/command_processor.js:7197)
	at &lt;anonymous class&gt;.fxdriver.preconditions.visible(file:///C:/Users/ARTURT~1/AppData/Local/Temp/anonymous5907359102138623352webdriver-profile/extensions/fxdriver@googlecode.com/components/command_processor.js:8177)
	at &lt;anonymous class&gt;.DelayedCommand.prototype.checkPreconditions_(file:///C:/Users/ARTURT~1/AppData/Local/Temp/anonymous5907359102138623352webdriver-profile/extensions/fxdriver@googlecode.com/components/command_processor.js:10814)
	at &lt;anonymous class&gt;.DelayedCommand.prototype.executeInternal_/h(file:///C:/Users/ARTURT~1/AppData/Local/Temp/anonymous5907359102138623352webdriver-profile/extensions/fxdriver@googlecode.com/components/command_processor.js:10831)
	at &lt;anonymous class&gt;.fxdriver.Timer.prototype.setTimeout/&lt;.notify(file:///C:/Users/ARTURT~1/AppData/Local/Temp/anonymous5907359102138623352webdriver-profile/extensions/fxdriver@googlecode.com/components/command_processor.js:396)
</error>
  </testcase>
  <testcase classname="com.example.tests.Temporary.TempOrganizationDel" name="testOrganizationDel" time="13.534" />
  <testcase classname="com.example.tests.Temporary.TemporaryUserAdd" name="testTemporaryUserAdd" time="11.698" />
  <testcase classname="com.example.tests.Territory.TerritoryUserAssigne" name="testTerritoryUserAssigne" time="42.605">
    <error message="Unable to locate element: {&quot;method&quot;:&quot;id&quot;,&quot;selector&quot;:&quot;assignButton_User&quot;}&#xa;Command duration or timeout: 30.08 seconds&#xa;For documentation on this error, please visit: http://seleniumhq.org/exceptions/no_such_element.html&#xa;Build info: version: &apos;2.39.0&apos;, revision: &apos;ff23eac&apos;, time: &apos;2013-12-16 16:11:15&apos;&#xa;System info: host: &apos;ArturTrofimchuk&apos;, ip: &apos;192.168.56.1&apos;, os.name: &apos;Windows 8&apos;, os.arch: &apos;amd64&apos;, os.version: &apos;6.2&apos;, java.version: &apos;1.7.0_45&apos;&#xa;Session ID: f58ca8e6-d991-48a4-8d5e-5b15b6d94a1b&#xa;Driver info: org.openqa.selenium.firefox.FirefoxDriver&#xa;Capabilities [{platform=XP, acceptSslCerts=true, javascriptEnabled=true, browserName=firefox, rotatable=false, locationContextEnabled=true, version=26.0, cssSelectorsEnabled=true, databaseEnabled=true, handlesAlerts=true, browserConnectionEnabled=true, nativeEvents=true, webStorageEnabled=true, applicationCacheEnabled=true, takesScreenshot=true}]" type="org.openqa.selenium.NoSuchElementException">org.openqa.selenium.NoSuchElementException: Unable to locate element: {&quot;method&quot;:&quot;id&quot;,&quot;selector&quot;:&quot;assignButton_User&quot;}
Command duration or timeout: 30.08 seconds
For documentation on this error, please visit: http://seleniumhq.org/exceptions/no_such_element.html
Build info: version: &apos;2.39.0&apos;, revision: &apos;ff23eac&apos;, time: &apos;2013-12-16 16:11:15&apos;
System info: host: &apos;ArturTrofimchuk&apos;, ip: &apos;192.168.56.1&apos;, os.name: &apos;Windows 8&apos;, os.arch: &apos;amd64&apos;, os.version: &apos;6.2&apos;, java.version: &apos;1.7.0_45&apos;
Session ID: f58ca8e6-d991-48a4-8d5e-5b15b6d94a1b
Driver info: org.openqa.selenium.firefox.FirefoxDriver
Capabilities [{platform=XP, acceptSslCerts=true, javascriptEnabled=true, browserName=firefox, rotatable=false, locationContextEnabled=true, version=26.0, cssSelectorsEnabled=true, databaseEnabled=true, handlesAlerts=true, browserConnectionEnabled=true, nativeEvents=true, webStorageEnabled=true, applicationCacheEnabled=true, takesScreenshot=true}]
	at java.lang.reflect.Constructor.newInstance(Constructor.java:526)
	at org.openqa.selenium.remote.ErrorHandler.createThrowable(ErrorHandler.java:193)
	at org.openqa.selenium.remote.ErrorHandler.throwIfResponseFailed(ErrorHandler.java:145)
	at org.openqa.selenium.remote.RemoteWebDriver.execute(RemoteWebDriver.java:554)
	at org.openqa.selenium.remote.RemoteWebDriver.findElement(RemoteWebDriver.java:307)
	at org.openqa.selenium.remote.RemoteWebDriver.findElementById(RemoteWebDriver.java:348)
	at org.openqa.selenium.By$ById.findElement(By.java:220)
	at org.openqa.selenium.remote.RemoteWebDriver.findElement(RemoteWebDriver.java:299)
	at com.example.tests.Territory.TerritoryUserAssigne.testTerritoryUserAssigne(TerritoryUserAssigne.java:42)
Caused by: org.openqa.selenium.remote.ErrorHandler$UnknownServerException: Unable to locate element: {&quot;method&quot;:&quot;id&quot;,&quot;selector&quot;:&quot;assignButton_User&quot;}
Build info: version: &apos;2.39.0&apos;, revision: &apos;ff23eac&apos;, time: &apos;2013-12-16 16:11:15&apos;
System info: host: &apos;ArturTrofimchuk&apos;, ip: &apos;192.168.56.1&apos;, os.name: &apos;Windows 8&apos;, os.arch: &apos;amd64&apos;, os.version: &apos;6.2&apos;, java.version: &apos;1.7.0_45&apos;
Driver info: driver.version: unknown
	at &lt;anonymous class&gt;.FirefoxDriver.prototype.findElementInternal_(file:///C:/Users/ARTURT~1/AppData/Local/Temp/anonymous8313951042489074060webdriver-profile/extensions/fxdriver@googlecode.com/components/driver_component.js:8860)
	at &lt;anonymous class&gt;.fxdriver.Timer.prototype.setTimeout/&lt;.notify(file:///C:/Users/ARTURT~1/AppData/Local/Temp/anonymous8313951042489074060webdriver-profile/extensions/fxdriver@googlecode.com/components/driver_component.js:396)
</error>
  </testcase>
  <testcase classname="com.example.tests.Territory.TerritoryUserUnassigne" name="testTerritoryOrganizationUnassigne" time="43.395">
    <error message="Unable to locate element: {&quot;method&quot;:&quot;css selector&quot;,&quot;selector&quot;:&quot;input[id^=Checkbox_User_]&quot;}&#xa;Command duration or timeout: 30.03 seconds&#xa;For documentation on this error, please visit: http://seleniumhq.org/exceptions/no_such_element.html&#xa;Build info: version: &apos;2.39.0&apos;, revision: &apos;ff23eac&apos;, time: &apos;2013-12-16 16:11:15&apos;&#xa;System info: host: &apos;ArturTrofimchuk&apos;, ip: &apos;192.168.56.1&apos;, os.name: &apos;Windows 8&apos;, os.arch: &apos;amd64&apos;, os.version: &apos;6.2&apos;, java.version: &apos;1.7.0_45&apos;&#xa;Session ID: 695f4160-3dff-4b58-8c79-c6551574b3b3&#xa;Driver info: org.openqa.selenium.firefox.FirefoxDriver&#xa;Capabilities [{platform=XP, acceptSslCerts=true, javascriptEnabled=true, browserName=firefox, rotatable=false, locationContextEnabled=true, version=26.0, cssSelectorsEnabled=true, databaseEnabled=true, handlesAlerts=true, browserConnectionEnabled=true, nativeEvents=true, webStorageEnabled=true, applicationCacheEnabled=true, takesScreenshot=true}]" type="org.openqa.selenium.NoSuchElementException">org.openqa.selenium.NoSuchElementException: Unable to locate element: {&quot;method&quot;:&quot;css selector&quot;,&quot;selector&quot;:&quot;input[id^=Checkbox_User_]&quot;}
Command duration or timeout: 30.03 seconds
For documentation on this error, please visit: http://seleniumhq.org/exceptions/no_such_element.html
Build info: version: &apos;2.39.0&apos;, revision: &apos;ff23eac&apos;, time: &apos;2013-12-16 16:11:15&apos;
System info: host: &apos;ArturTrofimchuk&apos;, ip: &apos;192.168.56.1&apos;, os.name: &apos;Windows 8&apos;, os.arch: &apos;amd64&apos;, os.version: &apos;6.2&apos;, java.version: &apos;1.7.0_45&apos;
Session ID: 695f4160-3dff-4b58-8c79-c6551574b3b3
Driver info: org.openqa.selenium.firefox.FirefoxDriver
Capabilities [{platform=XP, acceptSslCerts=true, javascriptEnabled=true, browserName=firefox, rotatable=false, locationContextEnabled=true, version=26.0, cssSelectorsEnabled=true, databaseEnabled=true, handlesAlerts=true, browserConnectionEnabled=true, nativeEvents=true, webStorageEnabled=true, applicationCacheEnabled=true, takesScreenshot=true}]
	at java.lang.reflect.Constructor.newInstance(Constructor.java:526)
	at org.openqa.selenium.remote.ErrorHandler.createThrowable(ErrorHandler.java:193)
	at org.openqa.selenium.remote.ErrorHandler.throwIfResponseFailed(ErrorHandler.java:145)
	at org.openqa.selenium.remote.RemoteWebDriver.execute(RemoteWebDriver.java:554)
	at org.openqa.selenium.remote.RemoteWebDriver.findElement(RemoteWebDriver.java:307)
	at org.openqa.selenium.remote.RemoteWebDriver.findElementByCssSelector(RemoteWebDriver.java:396)
	at org.openqa.selenium.By$ByCssSelector.findElement(By.java:432)
	at org.openqa.selenium.remote.RemoteWebDriver.findElement(RemoteWebDriver.java:299)
	at com.example.tests.Territory.TerritoryUserUnassigne.testTerritoryOrganizationUnassigne(TerritoryUserUnassigne.java:42)
Caused by: org.openqa.selenium.remote.ErrorHandler$UnknownServerException: Unable to locate element: {&quot;method&quot;:&quot;css selector&quot;,&quot;selector&quot;:&quot;input[id^=Checkbox_User_]&quot;}
Build info: version: &apos;2.39.0&apos;, revision: &apos;ff23eac&apos;, time: &apos;2013-12-16 16:11:15&apos;
System info: host: &apos;ArturTrofimchuk&apos;, ip: &apos;192.168.56.1&apos;, os.name: &apos;Windows 8&apos;, os.arch: &apos;amd64&apos;, os.version: &apos;6.2&apos;, java.version: &apos;1.7.0_45&apos;
Driver info: driver.version: unknown
	at &lt;anonymous class&gt;.FirefoxDriver.prototype.findElementInternal_(file:///C:/Users/ARTURT~1/AppData/Local/Temp/anonymous6546588244341299207webdriver-profile/extensions/fxdriver@googlecode.com/components/driver_component.js:8860)
	at &lt;anonymous class&gt;.fxdriver.Timer.prototype.setTimeout/&lt;.notify(file:///C:/Users/ARTURT~1/AppData/Local/Temp/anonymous6546588244341299207webdriver-profile/extensions/fxdriver@googlecode.com/components/driver_component.js:396)
</error>
  </testcase>
  <testcase classname="com.example.tests.Temporary.TemporaryUserDel" name="testUserDel" time="12.984" />
  <testcase classname="com.example.tests.Territory.TerritoryABDel" name="testTerritoryABDel" time="16.806" />
  <testcase classname="com.example.tests.Event.EventAdd" name="testEventAdd" time="11.432" />
  <testcase classname="com.example.tests.Event.EventEdit" name="testEventEdit" time="13.185" />
  <testcase classname="com.example.tests.Event.EventDel" name="testEventDel" time="12.331" />
  <testcase classname="com.example.tests.Temporary.TemporaryEventAdd" name="testTemporaryEventAdd" time="10.3" />
  <testcase classname="com.example.tests.Temporary.TempContactAdd" name="testTempContactAdd" time="11.047" />
  <testcase classname="com.example.tests.UserEvents.UserEventsAdd" name="testUserEventAdd" time="13.427">
    <error type="java.lang.NullPointerException">java.lang.NullPointerException
	at com.example.tests.UserEvents.UserEventsAdd.testUserEventAdd(UserEventsAdd.java:48)
</error>
  </testcase>
  <testcase classname="com.example.tests.UserEvents.UserEventContactAssigne" name="testUserEventContactAssigne" time="10.22">
    <error type="java.lang.NullPointerException">java.lang.NullPointerException
	at com.example.tests.UserEvents.UserEventContactAssigne.testUserEventContactAssigne(UserEventContactAssigne.java:41)
</error>
  </testcase>
  <testcase classname="com.example.tests.UserEvents.UserEventContactUnassigne" name="testEventContactUnassigne" time="10.543">
    <error type="java.lang.NullPointerException">java.lang.NullPointerException
	at com.example.tests.UserEvents.UserEventContactUnassigne.testEventContactUnassigne(UserEventContactUnassigne.java:41)
</error>
  </testcase>
  <testcase classname="com.example.tests.UserEvents.UserEventsEdit" name="testUserEventsEdit" time="11.363">
    <error type="java.lang.NullPointerException">java.lang.NullPointerException
	at com.example.tests.UserEvents.UserEventsEdit.testUserEventsEdit(UserEventsEdit.java:49)
</error>
  </testcase>
  <testcase classname="com.example.tests.UserEvents.UserEventsDel" name="testUserEventsDel" time="11.823">
    <error type="java.lang.NullPointerException">java.lang.NullPointerException
	at com.example.tests.UserEvents.UserEventsDel.testUserEventsDel(UserEventsDel.java:49)
</error>
  </testcase>
  <testcase classname="com.example.tests.Temporary.TemporaryEventDel" name="testTemporaryEventDel" time="13.015" />
  <testcase classname="com.example.tests.Temporary.TempContactDel" name="testTempContactDel" time="12.312" />
  <system-out><![CDATA[]]></system-out>
  <system-err><![CDATA[]]></system-err>
</testsuite>
