<?xml version="1.0" encoding="UTF-8" ?>
<testsuite errors="0" failures="0" hostname="ArturTrofimchuk" name="com.example.tests.LauncherTemp" skipped="0" tests="3" time="41.858" timestamp="2014-01-24T08:53:10">
  <properties>
[...]
</properties>
  <testcase classname="com.example.tests.MaterialType.MaterialTypeAdd" name="testMaterialTypeAdd" time="16.547" />
  <testcase classname="com.example.tests.MaterialType.MaterialTypeEdit" name="testMaterialTypeEdit" time="13.005" />
  <testcase classname="com.example.tests.MaterialType.MaterialTypeDel" name="testMaterialTypeDel" time="12.194" />
  <system-out><![CDATA[]]></system-out>
  <system-err><![CDATA[]]></system-err>
</testsuite>
